❌ Connection failed!
Name: MongooseServerSelectionError
Message: connect ECONNREFUSED 127.0.0.1:27017
Reason: {
  "type": "Unknown",
  "servers": {
    "127.0.0.1:27017": {
      "address": "127.0.0.1:27017",
      "type": "Unknown",
      "hosts": [],
      "passives": [],
      "arbiters": [],
      "tags": {},
      "minWireVersion": 0,
      "maxWireVersion": 0,
      "roundTripTime": -1,
      "minRoundTripTime": 0,
      "lastUpdateTime": 60189249,
      "lastWriteDate": 0,
      "error": {
        "errorLabelSet": {},
        "beforeHandshake": false
      },
      "topologyVersion": null,
      "setName": null,
      "setVersion": null,
      "electionId": null,
      "logicalSessionTimeoutMinutes": null,
      "maxMessageSizeBytes": null,
      "maxWriteBatchSize": null,
      "maxBsonObjectSize": null,
      "primary": null,
      "me": null,
      "$clusterTime": null,
      "iscryptd": false
    }
  },
  "stale": false,
  "compatible": true,
  "heartbeatFrequencyMS": 10000,
  "localThresholdMS": 15,
  "setName": null,
  "maxElectionId": null,
  "maxSetVersion": null,
  "commonWireVersion": 0,
  "logicalSessionTimeoutMinutes": null
}